{
  "stats": {
    "suites": 2,
    "tests": 5,
    "passes": 5,
    "pending": 0,
    "failures": 0,
    "start": "2023-07-21T19:48:48.142Z",
    "end": "2023-07-21T19:50:37.437Z",
    "duration": 109295,
    "testsRegistered": 5,
    "passPercent": 100,
    "pendingPercent": 0,
    "other": 0,
    "hasOther": false,
    "skipped": 0,
    "hasSkipped": false
  },
  "results": [
    {
      "uuid": "7610bcdc-6f2e-4982-9301-76806a6d4145",
      "title": "",
      "fullFile": "",
      "file": "",
      "beforeHooks": [],
      "afterHooks": [],
      "tests": [],
      "suites": [
        {
          "uuid": "16defc6e-ff5d-47ac-923c-23be09cd7ef9",
          "title": "create user",
          "fullFile": "C:\\Users\\acer\\Desktop\\projetos-de-automacao\\auto_codeceptjs_webdriver_playwright\\steps\\create_user_test.js",
          "file": "\\steps\\create_user_test.js",
          "beforeHooks": [
            {
              "title": "\"before all\" hook: codeceptjs.beforeSuite in \"create user\"",
              "fullTitle": "create user \"before all\" hook: codeceptjs.beforeSuite in \"create user\"",
              "timedOut": false,
              "duration": 4611,
              "state": null,
              "speed": null,
              "pass": false,
              "fail": false,
              "pending": false,
              "context": null,
              "code": "scenario.suiteSetup(suite)",
              "err": {},
              "uuid": "52ab78e4-10e9-493e-90c0-6d1a50c845b9",
              "parentUUID": "16defc6e-ff5d-47ac-923c-23be09cd7ef9",
              "isHook": true,
              "skipped": false
            },
            {
              "title": "\"before each\" hook: codeceptjs.before in \"create user\"",
              "fullTitle": "create user \"before each\" hook: codeceptjs.before in \"create user\"",
              "timedOut": false,
              "duration": 877,
              "state": null,
              "speed": null,
              "pass": false,
              "fail": false,
              "pending": false,
              "context": null,
              "code": "scenario.setup(suite)",
              "err": {},
              "uuid": "ee99106b-e8fb-49ee-9e95-4b1c25bbc6e1",
              "parentUUID": "16defc6e-ff5d-47ac-923c-23be09cd7ef9",
              "isHook": true,
              "skipped": false
            }
          ],
          "afterHooks": [
            {
              "title": "\"after all\" hook: codeceptjs.afterSuite in \"create user\"",
              "fullTitle": "create user \"after all\" hook: codeceptjs.afterSuite in \"create user\"",
              "timedOut": false,
              "duration": 1,
              "state": null,
              "speed": null,
              "pass": false,
              "fail": false,
              "pending": false,
              "context": null,
              "code": "scenario.suiteTeardown(suite)",
              "err": {},
              "uuid": "68d6b6e0-1c9c-4c90-a236-534651196897",
              "parentUUID": "16defc6e-ff5d-47ac-923c-23be09cd7ef9",
              "isHook": true,
              "skipped": false
            },
            {
              "title": "\"after each\" hook: finalize codeceptjs in \"create user\"",
              "fullTitle": "create user \"after each\" hook: finalize codeceptjs in \"create user\"",
              "timedOut": false,
              "duration": 38,
              "state": null,
              "speed": null,
              "pass": false,
              "fail": false,
              "pending": false,
              "context": null,
              "code": "scenario.teardown(suite)",
              "err": {},
              "uuid": "dfb4134c-d76f-4be5-a33e-257b0744f74c",
              "parentUUID": "16defc6e-ff5d-47ac-923c-23be09cd7ef9",
              "isHook": true,
              "skipped": false
            }
          ],
          "tests": [
            {
              "title": "Login With Success",
              "fullTitle": "create user: Login With Success",
              "timedOut": false,
              "duration": 31190,
              "state": "passed",
              "speed": "slow",
              "pass": true,
              "fail": false,
              "pending": false,
              "context": null,
              "code": "await login('user')",
              "err": {},
              "uuid": "77169891-5ad2-4ed5-b89a-402414150a0b",
              "parentUUID": "16defc6e-ff5d-47ac-923c-23be09cd7ef9",
              "isHook": false,
              "skipped": false
            },
            {
              "title": "Create a New Account",
              "fullTitle": "create user: Create a New Account",
              "timedOut": false,
              "duration": 19606,
              "state": "passed",
              "speed": "slow",
              "pass": true,
              "fail": false,
              "pending": false,
              "context": null,
              "code": "var firstName = faker.person.firstName()\n    var lastName = faker.person.lastName()\n \n     I.amOnPage('http://www.automationpractice.pl/index.php')\n     //Home\n     home_page.accessLoginPage()\n     //Login\n    login_page.submitCreateNewAccount(faker.internet.email())\n      //Create Account\n      create_user_page.createUserWithSuccess(firstName,lastName)",
              "err": {},
              "uuid": "24493a96-044f-446e-98fa-c27c418ff195",
              "parentUUID": "16defc6e-ff5d-47ac-923c-23be09cd7ef9",
              "isHook": false,
              "skipped": false
            }
          ],
          "suites": [],
          "passes": [
            "77169891-5ad2-4ed5-b89a-402414150a0b",
            "24493a96-044f-446e-98fa-c27c418ff195"
          ],
          "failures": [],
          "pending": [],
          "skipped": [],
          "duration": 50796,
          "root": false,
          "rootEmpty": false,
          "_timeout": 0
        },
        {
          "uuid": "930d10fe-e38a-4b85-96c1-d76c24294daf",
          "title": "Login",
          "fullFile": "C:\\Users\\acer\\Desktop\\projetos-de-automacao\\auto_codeceptjs_webdriver_playwright\\steps\\login_test.js",
          "file": "\\steps\\login_test.js",
          "beforeHooks": [
            {
              "title": "\"before all\" hook: codeceptjs.beforeSuite in \"Login\"",
              "fullTitle": "Login \"before all\" hook: codeceptjs.beforeSuite in \"Login\"",
              "timedOut": false,
              "duration": 1,
              "state": null,
              "speed": null,
              "pass": false,
              "fail": false,
              "pending": false,
              "context": null,
              "code": "scenario.suiteSetup(suite)",
              "err": {},
              "uuid": "f4c0d2d0-7ec0-4fd0-be47-e5c52905918c",
              "parentUUID": "930d10fe-e38a-4b85-96c1-d76c24294daf",
              "isHook": true,
              "skipped": false
            },
            {
              "title": "\"before all\" hook: BeforeSuite in \"Login\"",
              "fullTitle": "Login \"before all\" hook: BeforeSuite in \"Login\"",
              "timedOut": false,
              "duration": 16,
              "state": null,
              "speed": null,
              "pass": false,
              "fail": false,
              "pending": false,
              "context": null,
              "code": "// antes de tudo vai executar beforeSuite\n  console.log('Antes de Tudo');",
              "err": {},
              "uuid": "71914bd7-541a-4fdd-bdd4-f8fd543846d8",
              "parentUUID": "930d10fe-e38a-4b85-96c1-d76c24294daf",
              "isHook": true,
              "skipped": false
            },
            {
              "title": "\"before each\" hook: codeceptjs.before in \"Login\"",
              "fullTitle": "Login \"before each\" hook: codeceptjs.before in \"Login\"",
              "timedOut": false,
              "duration": 3461,
              "state": null,
              "speed": null,
              "pass": false,
              "fail": false,
              "pending": false,
              "context": null,
              "code": "scenario.setup(suite)",
              "err": {},
              "uuid": "73ae305a-15bf-40e5-bb9f-13a22498bebc",
              "parentUUID": "930d10fe-e38a-4b85-96c1-d76c24294daf",
              "isHook": true,
              "skipped": false
            },
            {
              "title": "\"before each\" hook: Before in \"Login\"",
              "fullTitle": "Login \"before each\" hook: Before in \"Login\"",
              "timedOut": false,
              "duration": 8605,
              "state": null,
              "speed": null,
              "pass": false,
              "fail": false,
              "pending": false,
              "context": null,
              "code": "// antes de cada cenário vai executar o Before\n   I.amOnPage('http://www.automationpractice.pl/index.php')",
              "err": {},
              "uuid": "98164c0c-28f1-4aeb-a67d-c5b0f0cc52ea",
              "parentUUID": "930d10fe-e38a-4b85-96c1-d76c24294daf",
              "isHook": true,
              "skipped": false
            }
          ],
          "afterHooks": [
            {
              "title": "\"after all\" hook: AfterSuite in \"Login\"",
              "fullTitle": "Login \"after all\" hook: AfterSuite in \"Login\"",
              "timedOut": false,
              "duration": 5,
              "state": null,
              "speed": null,
              "pass": false,
              "fail": false,
              "pending": false,
              "context": null,
              "code": "// depois de toda feature vai executar a AfeterSuite\n   console.log('Depois de Tudo');",
              "err": {},
              "uuid": "beea7efe-7064-4c5b-b3d2-900ec9e6246b",
              "parentUUID": "930d10fe-e38a-4b85-96c1-d76c24294daf",
              "isHook": true,
              "skipped": false
            },
            {
              "title": "\"after all\" hook: codeceptjs.afterSuite in \"Login\"",
              "fullTitle": "Login \"after all\" hook: codeceptjs.afterSuite in \"Login\"",
              "timedOut": false,
              "duration": 0,
              "state": null,
              "speed": null,
              "pass": false,
              "fail": false,
              "pending": false,
              "context": null,
              "code": "scenario.suiteTeardown(suite)",
              "err": {},
              "uuid": "829a0009-0d82-4218-95b5-76549bc0aeaa",
              "parentUUID": "930d10fe-e38a-4b85-96c1-d76c24294daf",
              "isHook": true,
              "skipped": false
            },
            {
              "title": "\"after each\" hook: After in \"Login\"",
              "fullTitle": "Login \"after each\" hook: After in \"Login\"",
              "timedOut": false,
              "duration": 10,
              "state": null,
              "speed": null,
              "pass": false,
              "fail": false,
              "pending": false,
              "context": null,
              "code": "// depois de cada cenário vai executar o After\n   console.log('After');",
              "err": {},
              "uuid": "939f8171-50bb-4a5b-89b7-2715a9ab12ca",
              "parentUUID": "930d10fe-e38a-4b85-96c1-d76c24294daf",
              "isHook": true,
              "skipped": false
            },
            {
              "title": "\"after each\" hook: finalize codeceptjs in \"Login\"",
              "fullTitle": "Login \"after each\" hook: finalize codeceptjs in \"Login\"",
              "timedOut": false,
              "duration": 45,
              "state": null,
              "speed": null,
              "pass": false,
              "fail": false,
              "pending": false,
              "context": null,
              "code": "scenario.teardown(suite)",
              "err": {},
              "uuid": "0ed74729-d18d-4c74-8e15-da5b963ab899",
              "parentUUID": "930d10fe-e38a-4b85-96c1-d76c24294daf",
              "isHook": true,
              "skipped": false
            }
          ],
          "tests": [
            {
              "title": "validate Empety E-mail On Create Account",
              "fullTitle": "Login: validate Empety E-mail On Create Account",
              "timedOut": false,
              "duration": 7330,
              "state": "passed",
              "speed": "slow",
              "pass": true,
              "fail": false,
              "pending": false,
              "context": null,
              "code": "I }) => {\n    // pause()\n    I.click('.login')\n    I.wait(5)\n    I.click('#SubmitCreate')\n    I.waitForText('Invalid email address.')",
              "err": {},
              "uuid": "6cd74cd1-d5d0-4798-a8af-adfdd76f6f73",
              "parentUUID": "930d10fe-e38a-4b85-96c1-d76c24294daf",
              "isHook": false,
              "skipped": false
            },
            {
              "title": "validate Empety E-mail On Create Account 2",
              "fullTitle": "Login: validate Empety E-mail On Create Account 2",
              "timedOut": false,
              "duration": 7108,
              "state": "passed",
              "speed": "slow",
              "pass": true,
              "fail": false,
              "pending": false,
              "context": null,
              "code": "I }) => {\n   \n    I.click('.login')\n    I.wait(5)\n    I.click('#SubmitCreate')\n    I.waitForText('Invalid email address.')",
              "err": {},
              "uuid": "ef07b97f-0667-42a5-9267-0ff4b62560b6",
              "parentUUID": "930d10fe-e38a-4b85-96c1-d76c24294daf",
              "isHook": false,
              "skipped": false
            },
            {
              "title": "validate Empety E-mail On Create Account 3",
              "fullTitle": "Login: validate Empety E-mail On Create Account 3",
              "timedOut": false,
              "duration": 7635,
              "state": "passed",
              "speed": "slow",
              "pass": true,
              "fail": false,
              "pending": false,
              "context": null,
              "code": "I }) => {\n \n    I.click('.login')\n    I.wait(5)\n    I.click('#SubmitCreate')\n    I.waitForText('Invalid email address.')",
              "err": {},
              "uuid": "f1b51228-262f-4354-8e5f-c06162ad30b7",
              "parentUUID": "930d10fe-e38a-4b85-96c1-d76c24294daf",
              "isHook": false,
              "skipped": false
            }
          ],
          "suites": [],
          "passes": [
            "6cd74cd1-d5d0-4798-a8af-adfdd76f6f73",
            "ef07b97f-0667-42a5-9267-0ff4b62560b6",
            "f1b51228-262f-4354-8e5f-c06162ad30b7"
          ],
          "failures": [],
          "pending": [],
          "skipped": [],
          "duration": 22073,
          "root": false,
          "rootEmpty": false,
          "_timeout": 0
        }
      ],
      "passes": [],
      "failures": [],
      "pending": [],
      "skipped": [],
      "duration": 0,
      "root": true,
      "rootEmpty": true,
      "_timeout": 0
    }
  ],
  "meta": {
    "mocha": {
      "version": "10.2.0"
    },
    "mochawesome": {
      "options": {
        "quiet": false,
        "reportFilename": "mochawesome",
        "saveHtml": true,
        "saveJson": true,
        "consoleReporter": "spec",
        "useInlineDiffs": false,
        "code": true
      },
      "version": "7.1.3"
    },
    "marge": {
      "options": {},
      "version": "6.2.0"
    }
  }
}